n/1609418314170.jpg
n/1609418314169.jpg
n/1609418314168.jpg
n/1609418314167.jpg
n/1609418314166.jpg
n/1609418314165.jpg
n/1609418314164.jpg
n/1609418314163.jpg
n/1609418314162.jpg
n/1609418314161.jpg
n/1609418314160.jpg
n/1609418314159.jpg
n/1609418314158.jpg
n/1609418314157.jpg
n/1609418314156.jpg
n/1609418314155.jpg
n/1609418314154.jpg
n/1609418314153.jpg
n/1609418314152.jpg
n/1609418314151.jpg
n/1609418314150.jpg
n/1609418314149.jpg
n/1609418314148.jpg
n/1609418314147.jpg
n/1609418314146.jpg
n/1609418314145.jpg
n/1609418314144.jpg
n/1609418314143.jpg
n/1609418314142.jpg
n/1609418314141.jpg
n/1609418314140.jpg
n/1609418314139.jpg
n/1609418314138.jpg
n/1609418314137.jpg
n/1609418314136.jpg
n/1609418314135.jpg
n/1609418314134.jpg
n/1609418314133.jpg
n/1609418314132.jpg
n/1609418314131.jpg
n/1609418314130.jpg
n/1609418314129.jpg
n/1609418314128.jpg
n/1609418314127.jpg
n/1609418313977.png
n/1609418314126.jpg
n/1609418314125.jpg
n/1609418314124.jpg
n/1609418314123.jpg
n/1609418314122.jpg
n/1609418314121.jpg
n/1609418314118.jpg
n/1609418314120.jpg
n/1609418314117.jpg
n/1609418314116.jpg
n/1609418314119.jpg
n/1609418314115.jpg
n/1609418314114.jpg
n/1609418314113.jpg
n/1609418314112.jpg
n/1609418314111.jpg
n/1609418314110.jpg
n/1609418314109.jpg
n/1609418314108.jpg
n/1609418314107.jpg
n/1609418314106.jpg
n/1609418314105.jpg
n/1609418314104.jpg
n/1609418314103.jpg
n/1609418314102.jpg
n/1609418314101.jpg
n/1609418314100.jpg
n/1609418314099.jpg
n/1609418313966.png
n/1609418314098.jpg
n/1609418314097.jpg
n/1609418314096.jpg
n/1609418314095.jpg
n/1609418314094.jpg
n/ABSRlIp51pFK7AHCUsUQ0rqmqFfMyAY4hbnMLm1vtS3fbLIMia52PFYlFqJCoXzVi0xt4evIMxyMmXzEVklbsow3briryeub5Nm_.png
n/1609418314093.jpg
n/1609418314092.jpg
n/1609418314091.jpg
n/1609418314090.jpg
n/1609418314089.jpg
n/1609418314088.jpg
n/1609418314087.jpg
n/1609418314086.jpg
n/1609418314085.jpg
n/1609418314084.jpg
n/1609418314083.jpg
n/1609418314082.jpg
n/1609418314081.jpg
n/1609418314080.jpg
n/1609418314079.jpg
n/1609418314078.jpg
n/1609418314077.jpg
n/1609418314076.jpg
n/1609418314075.jpg
n/1609418314074.jpg
n/1609418314073.jpg
n/1609418314072.jpg
n/1609418314071.jpg
n/1609418314070.jpg
n/1609418314069.jpg
n/1609418314068.jpg
n/1609418314067.jpg
n/1609418314066.jpg
n/1609418314065.jpg
n/1609418314064.jpg
n/1609418314063.jpg
n/1609418314062.jpg
n/1609418314061.jpg
n/1609418314060.jpg
n/1609418314059.jpg
n/1609418314058.jpg
n/1609418314057.jpg
n/1609418314056.jpg
n/1609418314055.jpg
n/1609418314054.jpg
n/1609418314053.jpg
n/1609418314052.jpg
n/1609418314051.jpg
n/1609418314050.jpg
n/1609418314049.jpg
n/1609418314048.jpg
n/1609418314047.jpg
n/1609418314046.jpg
n/1609418314045.jpg
n/1609418314044.jpg
n/1609418314043.jpg
n/1609418314042.jpg
n/1609418314041.jpg
n/1609418314040.jpg
n/1609418314039.jpg
n/1609418314038.jpg
n/1609418314037.jpg
n/1609418314036.jpg
n/1609418314035.jpg
n/1609418314034.jpg
n/1609418314033.jpg
n/1609418314032.jpg
n/1609418314031.jpg
n/1609418314030.jpg
n/1609418314029.jpg
n/1609418314028.jpg
n/1609418314027.jpg
n/1609418314026.jpg
n/1609418314025.jpg
n/1609418314024.jpg
n/1609418314023.jpg
n/1609418314022.jpg
n/1609418314021.jpg
n/1609418314019.jpg
n/1609418314018.jpg
n/1609418314017.jpg
n/1609418314016.jpg
n/1609418314015.jpg
n/1609418314014.jpg
n/1609418313955.png
n/1609418314012.jpg
n/1609418314013.jpg
n/1609418314011.jpg
n/1609418314010.jpg
n/1609418314009.jpg
n/1609418314007.jpg
n/1609418314008.jpg
n/1609418314006.jpg
n/1609418314005.jpg
n/1609418314004.jpg
n/1609418314003.jpg
n/1609418314002.jpg
n/1609418314001.jpg
n/1609418314000.jpg
n/1609418313999.jpg
n/1609418313898.jpg
n/1609418313998.jpg
n/1609418313997.jpg
n/1609418313996.jpg
n/1609418313995.jpg
n/1609418313994.jpg
n/1609418313993.jpg
n/1609418313992.jpg
n/1609418313991.jpg
n/1609418313990.jpg
n/1609418313989.jpg
n/1609418313987.jpg
n/1609418313986.jpg
n/1609418313985.jpg
n/1609418313984.jpg
n/1609418313983.jpg
n/1609418313982.jpg
n/1609418313944.png
n/1609418313981.jpg
n/1609418313980.jpg
n/1609418313933.png
n/1609418313979.jpg
n/1609418313978.jpg
n/1609418313976.jpg
n/1609418313975.jpg
n/1609418313974.jpg
n/1609418313973.jpg
n/1609418313972.jpg
n/1609418313922.png
n/1609418313971.jpg
n/1609418313970.jpg
n/1609418313969.jpg
n/1609418313968.jpg
n/1609418313967.jpg
n/1609418313965.jpg
n/1609418313964.jpg
n/1609418313963.jpg
n/1609418313962.jpg
n/1609418313961.jpg
n/1609418313960.jpg
n/1609418313959.jpg
n/1609418313958.jpg
n/1609418313957.jpg
n/1609418313956.jpg
n/1609418313953.jpg
n/1609418313954.jpg
n/1609418313952.jpg
n/1609418313950.jpg
n/1609418313951.jpg
n/1609418313948.jpg
n/1609418313949.jpg
n/1609418313947.jpg
n/1609418313946.jpg
n/1609418313945.jpg
n/1609418313943.jpg
n/1609418313942.jpg
n/1609418313911.png
n/1609418313896.png
n/images.png
n/1609418313895.jpg
n/ADGmqu8iRmYnYzDgVSsksYeAbz_LBUqSzV8zrXc6IYI_s48-c-mo.png
n/arrow_down.png
n/googlelogo_dark_color_188x64dp.png
n/photo_camera_grey600_24dp.png
n/ABSRlIpfJWtUJ_SpX5wqByo_hdazQJQWweklz7i05LqSmiiijTaUqxCR-CcgbJlhbRZ2eRd4493ad9wU35wH871Q6TPeSDXCJ_Ex.png
n/1609418313941.jpg
n/ADGmqu921ygmhbc98Ek8z4AdYumCMjFRue643qy9iuDQ_s48-c-mo.jpg
n/ADGmqu8gmVmNn8DKuvNhwoi07z47Ns2GSOeBhZLP3pGi_s48-c-mo.png
n/1609418313940.jpg
n/1609418313938.jpg
n/1609418313939.jpg
n/1609418313937.jpg
n/1609418313936.jpg
n/1609418313935.jpg
n/1609418313934.jpg
n/1609418313932.jpg
n/1609418313931.jpg
n/1609418313930.jpg
n/1609418313929.jpg
n/1609418313927.jpg
n/1609418313928.jpg
n/1609418313926.jpg
n/1609418313925.jpg
n/1609418313924.jpg
n/1609418313920.jpg
n/1609418313923.jpg
n/1609418313921.jpg
n/1609418313919.jpg
n/1609418313918.jpg
n/1609418313917.jpg
n/1609418313916.jpg
n/1609418313915.jpg
n/1609418313914.jpg
n/1609418313913.jpg
n/1609418313912.jpg
n/1609418313908.jpg
n/1609418314177.jpg
n/1609418313907.jpg
n/1609418314176.jpg
n/1609418313894.jpg
n/1609418313906.jpg
n/1609418313905.jpg
n/1609418313888.jpg
n/1609418313887.jpg
n/1609418313904.jpg
n/1609418313903.jpg
n/1609418314175.jpg
n/1609418313902.jpg
n/1609418313893.jpg
n/1609418313901.jpg
n/1609418313886.jpg
n/1609418313897.jpg
n/1609418313899.jpg
n/1609418314174.jpg
n/1609418314173.jpg
n/1609418314172.jpg
n/1609418313988.jpg
n/1609418313885.jpg
n/1609418313977.jpg
n/1609418314171.jpg
n/1609418313966.jpg
n/1609418313891.jpg
n/Z.jpg
n/2Q__.jpg
n/1609418313884.jpg
n/1609418313955.jpg
n/1609418313890.jpg
n/1609418313944.jpg
n/1609418313889.jpg
n/1609418313933.jpg
n/9k_.jpg
n/1609418313922.jpg
n/1609418314171.png
n/1609418313910.jpg
n/1609418314170.png
n/ea554714e7.png
n/images.jpg
n/1609418313896.jpg
n/p1_799229b0.png
n/photo.jpg
n/ADGmqu8gmVmNn8DKuvNhwoi07z47Ns2GSOeBhZLP3pGi_s83-c-mo.png
n/photo.png
n/ADGmqu8gmVmNn8DKuvNhwoi07z47Ns2GSOeBhZLP3pGi_s32-c-mo.png
n/ADGmqu8gmVmNn8DKuvNhwoi07z47Ns2GSOeBhZLP3pGi_s128-b16-cc-rp-mo.png
n/new-years-eve-2020-6753651837108665-s.png