p/_0_8419.jpeg 1 0 0 177 122
p/_0_9514.jpeg 1 0 0 177 122
p/_0_7862.jpeg 1 0 0 177 122
p/_0_8009.jpeg 1 0 0 177 122
p/_0_8116.jpeg 1 0 0 177 122
p/_0_8718.jpeg 1 0 0 177 122
p/_0_9633.jpeg 1 0 0 177 122
p/_0_9661.jpeg 1 0 0 177 122
p/_0_7813.jpeg 1 0 0 267 160
p/_0_9160.jpeg 1 0 0 267 160
p/_0_9739.jpeg 1 0 0 267 160
p/_0_9752.jpeg 1 0 0 267 160
p/_0_8590.jpeg 1 0 0 306 183
p/_0_8238.jpeg 1 0 0 179 174
p/_0_8581.jpeg 1 0 0 179 174
p/_0_9165.jpeg 1 0 0 179 174
p/_0_9823.jpeg 1 0 0 179 174
p/_0_9874.jpeg 1 0 0 179 174
p/_0_8175.jpeg 1 0 0 179 174
p/_0_8348.jpeg 1 0 0 224 169
p/_0_8830.jpeg 1 0 0 179 174
p/_0_9958.jpeg 1 0 0 179 174
p/_0_8230.jpeg 1 0 0 306 183
p/_0_8873.jpeg 1 0 0 306 183
p/_0_8891.jpeg 1 0 0 306 183
p/_0_9404.jpeg 1 0 0 306 183
p/_0_8140.jpeg 1 0 0 306 183
p/_0_8465.jpeg 1 0 0 224 169
p/_0_9097.jpeg 1 0 0 224 169
p/_0_9155.jpeg 1 0 0 224 169
p/_0_9492.jpeg 1 0 0 224 169
p/_0_9773.jpeg 1 0 0 224 169
p/_0_7932.jpeg 1 0 0 170 167
p/_0_8835.jpeg 1 0 0 170 167
p/_0_9356.jpeg 1 0 0 170 167
p/_0_8510.jpeg 1 0 0 172 122
p/_0_9063.jpeg 1 0 0 172 122
p/_0_9175.jpeg 1 0 0 172 122
p/_0_9589.jpeg 1 0 0 195 173
p/_0_9735.jpeg 1 0 0 172 122
p/_0_9911.jpeg 1 0 0 172 122
p/_0_7655.jpeg 1 0 0 190 165
p/_0_7780.jpeg 1 0 0 190 165
p/_0_7992.jpeg 1 0 0 190 165
p/_0_8198.jpeg 1 0 0 190 165
p/_0_8379.jpeg 1 0 0 190 165
p/_0_8401.jpeg 1 0 0 190 165
p/_0_7885.jpeg 1 0 0 195 173
p/_0_8855.jpeg 1 0 0 195 173
p/_0_9875.jpeg 1 0 0 195 173
p/_0_9888.jpeg 1 0 0 195 173
p/_0_9937.jpeg 1 0 0 195 173
p/_0_7816.jpeg 1 0 0 175 133
p/_0_8278.jpeg 1 0 0 170 142
p/_0_9646.jpeg 1 0 0 175 133
p/_0_8094.jpeg 1 0 0 170 142
p/_0_8774.jpeg 1 0 0 170 142
p/_0_9042.jpeg 1 0 0 170 142
p/_0_9060.jpeg 1 0 0 170 142
p/_0_9887.jpeg 1 0 0 170 142
p/_0_7630.jpeg 1 0 0 228 185
p/_0_7689.jpeg 1 0 0 228 185
p/_0_9605.jpeg 1 0 0 228 185
p/_0_7929.jpeg 1 0 0 292 160
p/_0_8318.jpeg 1 0 0 292 160
p/_0_8792.jpeg 1 0 0 292 160
p/_0_9644.jpeg 1 0 0 292 160
p/_0_9693.jpeg 1 0 0 292 160
p/_0_7722.jpeg 1 0 0 179 180
p/_0_9370.jpeg 1 0 0 179 180
p/_0_7642.jpeg 1 0 0 189 130
p/_0_8864.jpeg 1 0 0 189 130
p/_0_8972.jpeg 1 0 0 189 130
p/_0_9348.jpeg 1 0 0 189 130
p/_0_9586.jpeg 1 0 0 189 130
p/_0_8201.jpeg 1 0 0 176 117
p/_0_8492.jpeg 1 0 0 176 117
p/_0_9421.jpeg 1 0 0 176 117
p/_0_8117.jpeg 1 0 0 198 122
p/_0_8622.jpeg 1 0 0 198 122
p/_0_9855.jpeg 1 0 0 198 122
p/_0_8019.jpeg 1 0 0 192 133
p/_0_8157.jpeg 1 0 0 192 133
p/_0_9402.jpeg 1 0 0 192 133
p/18.jpg 1 0 0 177 122
p/17.jpg 1 0 0 267 160
p/16.jpg 1 0 0 179 174
p/15.jpg 1 0 0 306 183
p/14.jpg 1 0 0 224 169
p/13.jpg 1 0 0 170 167
p/12.jpg 1 0 0 172 122
p/11.jpg 1 0 0 190 165
p/10.jpg 1 0 0 195 173
p/9.jpg 1 0 0 175 133
p/8.jpg 1 0 0 170 142
p/7.jpg 1 0 0 228 185
p/6.jpg 1 0 0 292 160
p/5.jpg 1 0 0 179 180
p/4.jpg 1 0 0 189 130
p/3.jpg 1 0 0 176 117
p/2.jpg 1 0 0 198 122
p/1.jpg 1 0 0 192 133